<?xml version="1.0" encoding="UTF-8"?>
<!-- Generated by org.testng.reporters.JUnitReportReporter -->
<testsuite hostname="Nardeli-PC" failures="0" tests="6" name="testNG.kijijiTestNG" time="5.254" errors="1" timestamp="08 Jul. 2021 23:59:48 GMT" skipped="5">
  <testcase classname="testNG.kijijiTestNG" name="openBrowser" time="5.254">
    <error message="session not created: This version of ChromeDriver only supports Chrome version 89
Current browser version is 91.0.4472.124 with binary path C:\Program Files (x86)\Google\Chrome\Application\chrome.exe
Build info: version: &#039;3.141.59&#039;, revision: &#039;e82be7d358&#039;, time: &#039;2018-11-14T08:25:48&#039;
System info: host: &#039;NARDELI-PC&#039;, ip: &#039;10.0.0.51&#039;, os.name: &#039;Windows 7&#039;, os.arch: &#039;amd64&#039;, os.version: &#039;6.1&#039;, java.version: &#039;15.0.2&#039;
Driver info: driver.version: ChromeDriver
remote stacktrace: Backtrace:
	Ordinal0 [0x0117E7D3+124883]
	Ordinal0 [0x0117E7B1+124849]
	GetHandleVerifier [0x013C8688+193832]
	GetHandleVerifier [0x013E3AC5+305509]
	GetHandleVerifier [0x013E021B+291003]
	GetHandleVerifier [0x013DE0AC+282444]
	GetHandleVerifier [0x01404A90+440624]
	GetHandleVerifier [0x014047FC+439964]
	GetHandleVerifier [0x0140154B+426987]
	GetHandleVerifier [0x013E4FFD+310941]
	GetHandleVerifier [0x013E5D8E+314414]
	GetHandleVerifier [0x013E5D19+314297]
	GetHandleVerifier [0x014A31EC+1089676]
	GetHandleVerifier [0x014A17C9+1082985]
	GetHandleVerifier [0x014A13A3+1081923]
	GetHandleVerifier [0x0159D9FD+2115741]
	Ordinal0 [0x012CB82E+1488942]
	Ordinal0 [0x01265A7D+1071741]
	Ordinal0 [0x0126559B+1070491]
	Ordinal0 [0x012654B1+1070257]
	Ordinal0 [0x0129FF53+1310547]
	BaseThreadInitThunk [0x76DB343D+18]
	RtlInitializeExceptionChain [0x772C9812+99]
	RtlInitializeExceptionChain [0x772C97E5+54]
" type="org.openqa.selenium.SessionNotCreatedException">
      <![CDATA[org.openqa.selenium.SessionNotCreatedException: session not created: This version of ChromeDriver only supports Chrome version 89
Current browser version is 91.0.4472.124 with binary path C:\Program Files (x86)\Google\Chrome\Application\chrome.exe
Build info: version: '3.141.59', revision: 'e82be7d358', time: '2018-11-14T08:25:48'
System info: host: 'NARDELI-PC', ip: '10.0.0.51', os.name: 'Windows 7', os.arch: 'amd64', os.version: '6.1', java.version: '15.0.2'
Driver info: driver.version: ChromeDriver
remote stacktrace: Backtrace:
Ordinal0 [0x0117E7D3+124883]
Ordinal0 [0x0117E7B1+124849]
GetHandleVerifier [0x013C8688+193832]
GetHandleVerifier [0x013E3AC5+305509]
GetHandleVerifier [0x013E021B+291003]
GetHandleVerifier [0x013DE0AC+282444]
GetHandleVerifier [0x01404A90+440624]
GetHandleVerifier [0x014047FC+439964]
GetHandleVerifier [0x0140154B+426987]
GetHandleVerifier [0x013E4FFD+310941]
GetHandleVerifier [0x013E5D8E+314414]
GetHandleVerifier [0x013E5D19+314297]
GetHandleVerifier [0x014A31EC+1089676]
GetHandleVerifier [0x014A17C9+1082985]
GetHandleVerifier [0x014A13A3+1081923]
GetHandleVerifier [0x0159D9FD+2115741]
Ordinal0 [0x012CB82E+1488942]
Ordinal0 [0x01265A7D+1071741]
Ordinal0 [0x0126559B+1070491]
Ordinal0 [0x012654B1+1070257]
Ordinal0 [0x0129FF53+1310547]
BaseThreadInitThunk [0x76DB343D+18]
RtlInitializeExceptionChain [0x772C9812+99]
RtlInitializeExceptionChain [0x772C97E5+54]

at java.base/jdk.internal.reflect.NativeConstructorAccessorImpl.newInstance0(Native Method)
at java.base/jdk.internal.reflect.NativeConstructorAccessorImpl.newInstance(NativeConstructorAccessorImpl.java:64)
at java.base/jdk.internal.reflect.DelegatingConstructorAccessorImpl.newInstance(DelegatingConstructorAccessorImpl.java:45)
at java.base/java.lang.reflect.Constructor.newInstanceWithCaller(Constructor.java:500)
at java.base/java.lang.reflect.Constructor.newInstance(Constructor.java:481)
at org.openqa.selenium.remote.W3CHandshakeResponse.lambda$errorHandler$0(W3CHandshakeResponse.java:62)
at org.openqa.selenium.remote.HandshakeResponse.lambda$getResponseFunction$0(HandshakeResponse.java:30)
at org.openqa.selenium.remote.ProtocolHandshake.lambda$createSession$0(ProtocolHandshake.java:126)
at java.base/java.util.stream.ReferencePipeline$3$1.accept(ReferencePipeline.java:195)
at java.base/java.util.Spliterators$ArraySpliterator.tryAdvance(Spliterators.java:958)
at java.base/java.util.stream.ReferencePipeline.forEachWithCancel(ReferencePipeline.java:127)
at java.base/java.util.stream.AbstractPipeline.copyIntoWithCancel(AbstractPipeline.java:502)
at java.base/java.util.stream.AbstractPipeline.copyInto(AbstractPipeline.java:488)
at java.base/java.util.stream.AbstractPipeline.wrapAndCopyInto(AbstractPipeline.java:474)
at java.base/java.util.stream.FindOps$FindOp.evaluateSequential(FindOps.java:150)
at java.base/java.util.stream.AbstractPipeline.evaluate(AbstractPipeline.java:234)
at java.base/java.util.stream.ReferencePipeline.findFirst(ReferencePipeline.java:543)
at org.openqa.selenium.remote.ProtocolHandshake.createSession(ProtocolHandshake.java:128)
at org.openqa.selenium.remote.ProtocolHandshake.createSession(ProtocolHandshake.java:74)
at org.openqa.selenium.remote.HttpCommandExecutor.execute(HttpCommandExecutor.java:136)
at org.openqa.selenium.remote.service.DriverCommandExecutor.execute(DriverCommandExecutor.java:83)
at org.openqa.selenium.remote.RemoteWebDriver.execute(RemoteWebDriver.java:552)
at org.openqa.selenium.remote.RemoteWebDriver.startSession(RemoteWebDriver.java:213)
at org.openqa.selenium.remote.RemoteWebDriver.<init>(RemoteWebDriver.java:131)
at org.openqa.selenium.chrome.ChromeDriver.<init>(ChromeDriver.java:181)
at org.openqa.selenium.chrome.ChromeDriver.<init>(ChromeDriver.java:168)
at org.openqa.selenium.chrome.ChromeDriver.<init>(ChromeDriver.java:123)
at testNG.kijijiTestNG.openBrowser(kijijiTestNG.java:32)
at java.base/jdk.internal.reflect.NativeMethodAccessorImpl.invoke0(Native Method)
at java.base/jdk.internal.reflect.NativeMethodAccessorImpl.invoke(NativeMethodAccessorImpl.java:64)
at java.base/jdk.internal.reflect.DelegatingMethodAccessorImpl.invoke(DelegatingMethodAccessorImpl.java:43)
at java.base/java.lang.reflect.Method.invoke(Method.java:564)
at org.testng.internal.MethodInvocationHelper.invokeMethod(MethodInvocationHelper.java:124)
at org.testng.internal.MethodInvocationHelper.invokeMethodConsideringTimeout(MethodInvocationHelper.java:59)
at org.testng.internal.Invoker.invokeConfigurationMethod(Invoker.java:458)
at org.testng.internal.Invoker.invokeConfigurations(Invoker.java:222)
at org.testng.internal.Invoker.invokeConfigurations(Invoker.java:142)
at org.testng.TestRunner.beforeRun(TestRunner.java:529)
at org.testng.TestRunner.run(TestRunner.java:497)
at org.testng.SuiteRunner.runTest(SuiteRunner.java:455)
at org.testng.SuiteRunner.runSequentially(SuiteRunner.java:450)
at org.testng.SuiteRunner.privateRun(SuiteRunner.java:415)
at org.testng.SuiteRunner.run(SuiteRunner.java:364)
at org.testng.SuiteRunnerWorker.runSuite(SuiteRunnerWorker.java:52)
at org.testng.SuiteRunnerWorker.run(SuiteRunnerWorker.java:84)
at org.testng.TestNG.runSuitesSequentially(TestNG.java:1208)
at org.testng.TestNG.runSuitesLocally(TestNG.java:1137)
at org.testng.TestNG.runSuites(TestNG.java:1049)
at org.testng.TestNG.run(TestNG.java:1017)
at org.testng.remote.AbstractRemoteTestNG.run(AbstractRemoteTestNG.java:115)
at org.testng.remote.RemoteTestNG.initAndRun(RemoteTestNG.java:251)
at org.testng.remote.RemoteTestNG.main(RemoteTestNG.java:77)
]]>
    </error>
  </testcase> <!-- openBrowser -->
  <testcase classname="testNG.kijijiTestNG" name="kjijiAutoLink" time="0.000">
    <skipped/>
  </testcase> <!-- kjijiAutoLink -->
  <testcase classname="testNG.kijijiTestNG" name="jobsGraficDesign" time="0.000">
    <skipped/>
  </testcase> <!-- jobsGraficDesign -->
  <testcase classname="testNG.kijijiTestNG" name="seniorDesigner" time="0.000">
    <skipped/>
  </testcase> <!-- seniorDesigner -->
  <testcase classname="testNG.kijijiTestNG" name="showMore" time="0.000">
    <skipped/>
  </testcase> <!-- showMore -->
  <testcase classname="testNG.kijijiTestNG" name="description" time="0.000">
    <skipped/>
  </testcase> <!-- description -->
</testsuite> <!-- testNG.kijijiTestNG -->
